
> projeto_hasspezzetta@0.1.0 build
> next build

▲ Next.js 16.1.6 (Turbopack)

  Creating an optimized production build ...
Turbopack build encountered 1 warnings:
./src/styles/globals.scss
Issue while running loader
SassWarning: Deprecation Warning on line 0, column 8 of file:///C:/Projetos/projeto_hasspezzetta/src/styles/globals.scss:0:8:
Sass @import rules are deprecated and will be removed in Dart Sass 3.0.0.

More info and automated migrator: https://sass-lang.com/d/import

0 | @import "tailwindcss";


src\styles\globals.scss 1:9  root stylesheet




> Build error occurred
Error: Turbopack build failed with 1 errors:
./src/components/ui/Button.tsx:2:1
Module not found: Can't resolve '@/i18n/routing'
[0m [90m 1 |[39m [36mimport[39m { [33mButtonHTMLAttributes[39m[33m,[39m [33mReactNode[39m } [36mfrom[39m [32m"react"[39m[33m;[39m
[31m[1m>[22m[39m[90m 2 |[39m [36mimport[39m { [33mLink[39m } [36mfrom[39m [32m"@/i18n/routing"[39m[33m;[39m
 [90m   |[39m [31m[1m^[22m[39m[31m[1m^[22m[39m[31m[1m^[22m[39m[31m[1m^[22m[39m[31m[1m^[22m[39m[31m[1m^[22m[39m[31m[1m^[22m[39m[31m[1m^[22m[39m[31m[1m^[22m[39m[31m[1m^[22m[39m[31m[1m^[22m[39m[31m[1m^[22m[39m[31m[1m^[22m[39m[31m[1m^[22m[39m[31m[1m^[22m[39m[31m[1m^[22m[39m[31m[1m^[22m[39m[31m[1m^[22m[39m[31m[1m^[22m[39m[31m[1m^[22m[39m[31m[1m^[22m[39m[31m[1m^[22m[39m[31m[1m^[22m[39m[31m[1m^[22m[39m[31m[1m^[22m[39m[31m[1m^[22m[39m[31m[1m^[22m[39m[31m[1m^[22m[39m[31m[1m^[22m[39m[31m[1m^[22m[39m[31m[1m^[22m[39m[31m[1m^[22m[39m[31m[1m^[22m[39m[31m[1m^[22m[39m[31m[1m^[22m[39m[31m[1m^[22m[39m[31m[1m^[22m[39m[31m[1m^[22m[39m
 [90m 3 |[39m
 [90m 4 |[39m [36minterface[39m [33mButtonProps[39m [36mextends[39m [33mButtonHTMLAttributes[39m[33m<[39m[33mHTMLButtonElement[39m[33m>[39m {
 [90m 5 |[39m   children[33m:[39m [33mReactNode[39m[33m;[39m[0m

Import map: aliased to relative './src/i18n/routing' inside of [project]/


Import trace:
  Server Component:
    ./src/components/ui/Button.tsx
    ./src/app/page.tsx

https://nextjs.org/docs/messages/module-not-found


    at <unknown> (./src/components/ui/Button.tsx:2:1)
    at <unknown> (https://nextjs.org/docs/messages/module-not-found)
